<?xml version="1.0" encoding="UTF-8"?>
<testsuite xmlns:xsi="http://www.w3.org/2001/XMLSchema-instance" xsi:noNamespaceSchemaLocation="https://maven.apache.org/surefire/maven-surefire-plugin/xsd/surefire-test-report-3.0.xsd" version="3.0" name="com.kiendt.nifi.processors.clob.MyProcessorTest" time="0.057" tests="1" errors="0" skipped="0" failures="0">
  <properties>
    <property name="sun.desktop" value="gnome"/>
    <property name="awt.toolkit" value="sun.awt.X11.XToolkit"/>
    <property name="file.encoding.pkg" value="sun.io"/>
    <property name="java.specification.version" value="1.8"/>
    <property name="sun.cpu.isalist" value=""/>
    <property name="sun.jnu.encoding" value="UTF-8"/>
    <property name="java.class.path" value="/home/kien/test/nifi-oracle-clob/nifi-clob-processors/target/test-classes:/home/kien/test/nifi-oracle-clob/nifi-clob-processors/target/classes:/home/kien/.m2/repository/org/apache/nifi/nifi-api/1.18.0/nifi-api-1.18.0.jar:/home/kien/.m2/repository/org/apache/nifi/nifi-utils/1.20.0/nifi-utils-1.20.0.jar:/home/kien/.m2/repository/org/apache/nifi/nifi-mock/1.20.0/nifi-mock-1.20.0.jar:/home/kien/.m2/repository/org/apache/nifi/nifi-framework-api/1.18.0/nifi-framework-api-1.18.0.jar:/home/kien/.m2/repository/org/apache/nifi/nifi-parameter/1.20.0/nifi-parameter-1.20.0.jar:/home/kien/.m2/repository/org/apache/nifi/nifi-framework-core-api/1.20.0/nifi-framework-core-api-1.20.0.jar:/home/kien/.m2/repository/org/apache/nifi/nifi-framework-nar-utils/1.20.0/nifi-framework-nar-utils-1.20.0.jar:/home/kien/.m2/repository/org/apache/nifi/nifi-runtime-manifest-core/1.20.0/nifi-runtime-manifest-core-1.20.0.jar:/home/kien/.m2/repository/org/apache/nifi/nifi-extension-manifest-model/1.20.0/nifi-extension-manifest-model-1.20.0.jar:/home/kien/.m2/repository/org/apache/nifi/nifi-extension-manifest-parser/1.20.0/nifi-extension-manifest-parser-1.20.0.jar:/home/kien/.m2/repository/org/apache/nifi/nifi-client-dto/1.20.0/nifi-client-dto-1.20.0.jar:/home/kien/.m2/repository/io/swagger/swagger-annotations/1.6.6/swagger-annotations-1.6.6.jar:/home/kien/.m2/repository/org/apache/nifi/c2-protocol-component-api/1.20.0/c2-protocol-component-api-1.20.0.jar:/home/kien/.m2/repository/org/apache/nifi/nifi-site-to-site-client/1.20.0/nifi-site-to-site-client-1.20.0.jar:/home/kien/.m2/repository/org/apache/nifi/nifi-security-ssl/1.20.0/nifi-security-ssl-1.20.0.jar:/home/kien/.m2/repository/org/apache/httpcomponents/httpasyncclient/4.1.5/httpasyncclient-4.1.5.jar:/home/kien/.m2/repository/org/apache/httpcomponents/httpcore-nio/4.4.15/httpcore-nio-4.4.15.jar:/home/kien/.m2/repository/org/apache/nifi/nifi-framework-authorization/1.20.0/nifi-framework-authorization-1.20.0.jar:/home/kien/.m2/repository/org/apache/nifi/nifi-expression-language/1.20.0/nifi-expression-language-1.20.0.jar:/home/kien/.m2/repository/org/antlr/antlr-runtime/3.5.2/antlr-runtime-3.5.2.jar:/home/kien/.m2/repository/org/apache/nifi/nifi-uuid5/1.20.0/nifi-uuid5-1.20.0.jar:/home/kien/.m2/repository/org/apache/commons/commons-text/1.10.0/commons-text-1.10.0.jar:/home/kien/.m2/repository/org/apache/nifi/nifi-data-provenance-utils/1.20.0/nifi-data-provenance-utils-1.20.0.jar:/home/kien/.m2/repository/org/apache/nifi/nifi-dbcp-service/1.20.0/nifi-dbcp-service-1.20.0.jar:/home/kien/.m2/repository/org/apache/nifi/nifi-dbcp-base/1.20.0/nifi-dbcp-base-1.20.0.jar:/home/kien/.m2/repository/org/apache/nifi/nifi-security-kerberos/1.20.0/nifi-security-kerberos-1.20.0.jar:/home/kien/.m2/repository/org/apache/nifi/nifi-security-kerberos-api/1.18.0/nifi-security-kerberos-api-1.18.0.jar:/home/kien/.m2/repository/org/bouncycastle/bcprov-jdk18on/1.71/bcprov-jdk18on-1.71.jar:/home/kien/.m2/repository/org/apache/nifi/nifi-service-utils/1.20.0/nifi-service-utils-1.20.0.jar:/home/kien/.m2/repository/org/apache/commons/commons-dbcp2/2.9.0/commons-dbcp2-2.9.0.jar:/home/kien/.m2/repository/org/apache/commons/commons-pool2/2.10.0/commons-pool2-2.10.0.jar:/home/kien/.m2/repository/org/apache/commons/commons-lang3/3.12.0/commons-lang3-3.12.0.jar:/home/kien/.m2/repository/org/apache/derby/derby/10.14.2.0/derby-10.14.2.0.jar:/home/kien/.m2/repository/org/apache/nifi/nifi-standard-processors/1.18.0/nifi-standard-processors-1.18.0.jar:/home/kien/.m2/repository/org/apache/ftpserver/ftpserver-core/1.2.0/ftpserver-core-1.2.0.jar:/home/kien/.m2/repository/org/apache/ftpserver/ftplet-api/1.2.0/ftplet-api-1.2.0.jar:/home/kien/.m2/repository/org/apache/mina/mina-core/2.1.6/mina-core-2.1.6.jar:/home/kien/.m2/repository/org/apache/nifi/nifi-deprecation-log/1.18.0/nifi-deprecation-log-1.18.0.jar:/home/kien/.m2/repository/org/apache/nifi/nifi-put-pattern/1.18.0/nifi-put-pattern-1.18.0.jar:/home/kien/.m2/repository/org/apache/nifi/nifi-bin-manager/1.18.0/nifi-bin-manager-1.18.0.jar:/home/kien/.m2/repository/org/apache/nifi/nifi-listed-entity/1.18.0/nifi-listed-entity-1.18.0.jar:/home/kien/.m2/repository/org/apache/nifi/nifi-event-put/1.18.0/nifi-event-put-1.18.0.jar:/home/kien/.m2/repository/org/apache/nifi/nifi-event-listen/1.18.0/nifi-event-listen-1.18.0.jar:/home/kien/.m2/repository/org/apache/nifi/nifi-security-socket-ssl/1.18.0/nifi-security-socket-ssl-1.18.0.jar:/home/kien/.m2/repository/org/apache/nifi/nifi-event-transport/1.18.0/nifi-event-transport-1.18.0.jar:/home/kien/.m2/repository/io/netty/netty-handler/4.1.81.Final/netty-handler-4.1.81.Final.jar:/home/kien/.m2/repository/io/netty/netty-common/4.1.81.Final/netty-common-4.1.81.Final.jar:/home/kien/.m2/repository/io/netty/netty-resolver/4.1.81.Final/netty-resolver-4.1.81.Final.jar:/home/kien/.m2/repository/io/netty/netty-buffer/4.1.81.Final/netty-buffer-4.1.81.Final.jar:/home/kien/.m2/repository/io/netty/netty-transport/4.1.81.Final/netty-transport-4.1.81.Final.jar:/home/kien/.m2/repository/io/netty/netty-transport-native-unix-common/4.1.81.Final/netty-transport-native-unix-common-4.1.81.Final.jar:/home/kien/.m2/repository/io/netty/netty-codec/4.1.81.Final/netty-codec-4.1.81.Final.jar:/home/kien/.m2/repository/org/apache/nifi/nifi-syslog-utils/1.18.0/nifi-syslog-utils-1.18.0.jar:/home/kien/.m2/repository/com/github/palindromicity/simple-syslog-5424/0.0.16/simple-syslog-5424-0.0.16.jar:/home/kien/.m2/repository/org/antlr/antlr4-runtime/4.7.2/antlr4-runtime-4.7.2.jar:/home/kien/.m2/repository/org/apache/nifi/nifi-record-path/1.18.0/nifi-record-path-1.18.0.jar:/home/kien/.m2/repository/org/apache/nifi/nifi-record/1.18.0/nifi-record-1.18.0.jar:/home/kien/.m2/repository/org/apache/nifi/nifi-properties/1.18.0/nifi-properties-1.18.0.jar:/home/kien/.m2/repository/org/apache/nifi/nifi-property-utils/1.18.0/nifi-property-utils-1.18.0.jar:/home/kien/.m2/repository/org/apache/nifi/nifi-flowfile-packager/1.18.0/nifi-flowfile-packager-1.18.0.jar:/home/kien/.m2/repository/org/apache/nifi/nifi-jetty-configuration/1.18.0/nifi-jetty-configuration-1.18.0.jar:/home/kien/.m2/repository/org/apache/nifi/nifi-proxy-configuration-api/1.18.0/nifi-proxy-configuration-api-1.18.0.jar:/home/kien/.m2/repository/commons-io/commons-io/2.11.0/commons-io-2.11.0.jar:/home/kien/.m2/repository/javax/ws/rs/javax.ws.rs-api/2.1/javax.ws.rs-api-2.1.jar:/home/kien/.m2/repository/commons-net/commons-net/3.6/commons-net-3.6.jar:/home/kien/.m2/repository/org/apache/commons/commons-compress/1.21/commons-compress-1.21.jar:/home/kien/.m2/repository/org/bouncycastle/bcprov-jdk15on/1.70/bcprov-jdk15on-1.70.jar:/home/kien/.m2/repository/org/bouncycastle/bcpg-jdk15on/1.70/bcpg-jdk15on-1.70.jar:/home/kien/.m2/repository/org/bouncycastle/bcpkix-jdk15on/1.70/bcpkix-jdk15on-1.70.jar:/home/kien/.m2/repository/org/bouncycastle/bcutil-jdk15on/1.70/bcutil-jdk15on-1.70.jar:/home/kien/.m2/repository/commons-codec/commons-codec/1.15/commons-codec-1.15.jar:/home/kien/.m2/repository/org/apache/nifi/nifi-security-utils/1.18.0/nifi-security-utils-1.18.0.jar:/home/kien/.m2/repository/org/apache/nifi/nifi-security-utils-api/1.18.0/nifi-security-utils-api-1.18.0.jar:/home/kien/.m2/repository/org/apache/nifi/nifi-xml-processing/1.18.0/nifi-xml-processing-1.18.0.jar:/home/kien/.m2/repository/com/hierynomus/sshj/0.34.0/sshj-0.34.0.jar:/home/kien/.m2/repository/com/jcraft/jzlib/1.1.3/jzlib-1.1.3.jar:/home/kien/.m2/repository/com/hierynomus/asn-one/0.6.0/asn-one-0.6.0.jar:/home/kien/.m2/repository/net/i2p/crypto/eddsa/0.3.0/eddsa-0.3.0.jar:/home/kien/.m2/repository/com/exceptionfactory/socketbroker/socketbroker/1.0.2/socketbroker-1.0.2.jar:/home/kien/.m2/repository/org/apache/httpcomponents/httpclient/4.5.13/httpclient-4.5.13.jar:/home/kien/.m2/repository/org/apache/httpcomponents/httpcore/4.4.15/httpcore-4.4.15.jar:/home/kien/.m2/repository/jakarta/activation/jakarta.activation-api/2.0.1/jakarta.activation-api-2.0.1.jar:/home/kien/.m2/repository/com/sun/activation/jakarta.activation/2.0.1/jakarta.activation-2.0.1.jar:/home/kien/.m2/repository/jakarta/mail/jakarta.mail-api/2.0.1/jakarta.mail-api-2.0.1.jar:/home/kien/.m2/repository/com/sun/mail/jakarta.mail/2.0.1/jakarta.mail-2.0.1.jar:/home/kien/.m2/repository/com/github/jponge/lzma-java/1.3/lzma-java-1.3.jar:/home/kien/.m2/repository/com/github/luben/zstd-jni/1.5.2-3/zstd-jni-1.5.2-3.jar:/home/kien/.m2/repository/com/aayushatharva/brotli4j/brotli4j/1.8.0/brotli4j-1.8.0.jar:/home/kien/.m2/repository/com/aayushatharva/brotli4j/native-linux-x86_64/1.8.0/native-linux-x86_64-1.8.0.jar:/home/kien/.m2/repository/org/tukaani/xz/1.8/xz-1.8.jar:/home/kien/.m2/repository/net/sf/saxon/Saxon-HE/10.6/Saxon-HE-10.6.jar:/home/kien/.m2/repository/org/apache/nifi/nifi-socket-utils/1.18.0/nifi-socket-utils-1.18.0.jar:/home/kien/.m2/repository/org/apache/nifi/nifi-logging-utils/1.18.0/nifi-logging-utils-1.18.0.jar:/home/kien/.m2/repository/javax/jms/javax.jms-api/2.0.1/javax.jms-api-2.0.1.jar:/home/kien/.m2/repository/org/apache/activemq/activemq-client/5.15.15/activemq-client-5.15.15.jar:/home/kien/.m2/repository/org/apache/geronimo/specs/geronimo-jms_1.1_spec/1.1.1/geronimo-jms_1.1_spec-1.1.1.jar:/home/kien/.m2/repository/org/fusesource/hawtbuf/hawtbuf/1.11/hawtbuf-1.11.jar:/home/kien/.m2/repository/org/apache/geronimo/specs/geronimo-j2ee-management_1.1_spec/1.0.1/geronimo-j2ee-management_1.1_spec-1.0.1.jar:/home/kien/.m2/repository/com/jayway/jsonpath/json-path/2.6.0/json-path-2.6.0.jar:/home/kien/.m2/repository/net/minidev/json-smart/2.4.8/json-smart-2.4.8.jar:/home/kien/.m2/repository/net/minidev/accessors-smart/2.4.8/accessors-smart-2.4.8.jar:/home/kien/.m2/repository/org/ow2/asm/asm/9.1/asm-9.1.jar:/home/kien/.m2/repository/org/apache/tika/tika-core/2.4.1/tika-core-2.4.1.jar:/home/kien/.m2/repository/com/fasterxml/jackson/core/jackson-databind/2.13.4/jackson-databind-2.13.4.jar:/home/kien/.m2/repository/com/fasterxml/jackson/core/jackson-annotations/2.13.4/jackson-annotations-2.13.4.jar:/home/kien/.m2/repository/com/fasterxml/jackson/core/jackson-core/2.13.4/jackson-core-2.13.4.jar:/home/kien/.m2/repository/org/apache/nifi/nifi-avro-record-utils/1.18.0/nifi-avro-record-utils-1.18.0.jar:/home/kien/.m2/repository/com/squareup/okhttp3/okhttp/4.10.0/okhttp-4.10.0.jar:/home/kien/.m2/repository/com/squareup/okio/okio-jvm/3.0.0/okio-jvm-3.0.0.jar:/home/kien/.m2/repository/org/jetbrains/kotlin/kotlin-stdlib-common/1.7.10/kotlin-stdlib-common-1.7.10.jar:/home/kien/.m2/repository/org/jetbrains/kotlin/kotlin-stdlib/1.7.10/kotlin-stdlib-1.7.10.jar:/home/kien/.m2/repository/org/jetbrains/annotations/13.0/annotations-13.0.jar:/home/kien/.m2/repository/com/squareup/okhttp3/okhttp-urlconnection/4.10.0/okhttp-urlconnection-4.10.0.jar:/home/kien/.m2/repository/org/jetbrains/kotlin/kotlin-stdlib-jdk8/1.7.10/kotlin-stdlib-jdk8-1.7.10.jar:/home/kien/.m2/repository/org/jetbrains/kotlin/kotlin-stdlib-jdk7/1.7.10/kotlin-stdlib-jdk7-1.7.10.jar:/home/kien/.m2/repository/io/github/rburgst/okhttp-digest/2.5/okhttp-digest-2.5.jar:/home/kien/.m2/repository/at/favre/lib/bcrypt/0.9.0/bcrypt-0.9.0.jar:/home/kien/.m2/repository/at/favre/lib/bytes/1.3.0/bytes-1.3.0.jar:/home/kien/.m2/repository/org/xerial/snappy/snappy-java/1.1.8.4/snappy-java-1.1.8.4.jar:/home/kien/.m2/repository/net/lingala/zip4j/zip4j/2.11.2/zip4j-2.11.2.jar:/home/kien/.m2/repository/com/bazaarvoice/jolt/jolt-core/0.1.7/jolt-core-0.1.7.jar:/home/kien/.m2/repository/javax/inject/javax.inject/1/javax.inject-1.jar:/home/kien/.m2/repository/com/bazaarvoice/jolt/json-utils/0.1.7/json-utils-0.1.7.jar:/home/kien/.m2/repository/org/apache/nifi/nifi-standard-utils/1.18.0/nifi-standard-utils-1.18.0.jar:/home/kien/.m2/repository/net/sf/supercsv/super-csv/2.4.0/super-csv-2.4.0.jar:/home/kien/.m2/repository/com/fluenda/parcefone/2.1.0/parcefone-2.1.0.jar:/home/kien/.m2/repository/javax/validation/validation-api/1.1.0.Final/validation-api-1.1.0.Final.jar:/home/kien/.m2/repository/javax/el/javax.el-api/3.0.0/javax.el-api-3.0.0.jar:/home/kien/.m2/repository/com/github/wnameless/json/json-flattener/0.14.0/json-flattener-0.14.0.jar:/home/kien/.m2/repository/com/github/wnameless/json/json-base/2.0.0/json-base-2.0.0.jar:/home/kien/.m2/repository/org/apache/bval/bval-jsr/1.1.2/bval-jsr-1.1.2.jar:/home/kien/.m2/repository/org/apache/bval/bval-core/1.1.2/bval-core-1.1.2.jar:/home/kien/.m2/repository/io/krakens/java-grok/0.1.9/java-grok-0.1.9.jar:/home/kien/.m2/repository/org/apache/calcite/calcite-core/1.32.0/calcite-core-1.32.0.jar:/home/kien/.m2/repository/org/apache/calcite/calcite-linq4j/1.32.0/calcite-linq4j-1.32.0.jar:/home/kien/.m2/repository/org/locationtech/jts/jts-core/1.19.0/jts-core-1.19.0.jar:/home/kien/.m2/repository/org/locationtech/jts/io/jts-io-common/1.19.0/jts-io-common-1.19.0.jar:/home/kien/.m2/repository/com/googlecode/json-simple/json-simple/1.1.1/json-simple-1.1.1.jar:/home/kien/.m2/repository/org/locationtech/proj4j/proj4j/1.1.5/proj4j-1.1.5.jar:/home/kien/.m2/repository/com/google/errorprone/error_prone_annotations/2.11.0/error_prone_annotations-2.11.0.jar:/home/kien/.m2/repository/com/google/guava/guava/31.1-jre/guava-31.1-jre.jar:/home/kien/.m2/repository/com/google/guava/failureaccess/1.0.1/failureaccess-1.0.1.jar:/home/kien/.m2/repository/com/google/guava/listenablefuture/9999.0-empty-to-avoid-conflict-with-guava/listenablefuture-9999.0-empty-to-avoid-conflict-with-guava.jar:/home/kien/.m2/repository/com/google/code/findbugs/jsr305/3.0.2/jsr305-3.0.2.jar:/home/kien/.m2/repository/com/google/j2objc/j2objc-annotations/1.3/j2objc-annotations-1.3.jar:/home/kien/.m2/repository/org/apache/calcite/avatica/avatica-core/1.22.0/avatica-core-1.22.0.jar:/home/kien/.m2/repository/org/apache/calcite/avatica/avatica-metrics/1.22.0/avatica-metrics-1.22.0.jar:/home/kien/.m2/repository/com/google/protobuf/protobuf-java/3.17.1/protobuf-java-3.17.1.jar:/home/kien/.m2/repository/org/apache/httpcomponents/client5/httpclient5/5.1.3/httpclient5-5.1.3.jar:/home/kien/.m2/repository/org/apache/httpcomponents/core5/httpcore5-h2/5.1.3/httpcore5-h2-5.1.3.jar:/home/kien/.m2/repository/org/apache/httpcomponents/core5/httpcore5/5.1.3/httpcore5-5.1.3.jar:/home/kien/.m2/repository/org/checkerframework/checker-qual/3.12.0/checker-qual-3.12.0.jar:/home/kien/.m2/repository/com/fasterxml/jackson/dataformat/jackson-dataformat-yaml/2.13.4/jackson-dataformat-yaml-2.13.4.jar:/home/kien/.m2/repository/org/yaml/snakeyaml/1.32/snakeyaml-1.32.jar:/home/kien/.m2/repository/com/google/uzaygezen/uzaygezen-core/0.2/uzaygezen-core-0.2.jar:/home/kien/.m2/repository/com/yahoo/datasketches/sketches-core/0.9.0/sketches-core-0.9.0.jar:/home/kien/.m2/repository/com/yahoo/datasketches/memory/0.9.0/memory-0.9.0.jar:/home/kien/.m2/repository/net/hydromatic/aggdesigner-algorithm/6.0/aggdesigner-algorithm-6.0.jar:/home/kien/.m2/repository/commons-lang/commons-lang/2.4/commons-lang-2.4.jar:/home/kien/.m2/repository/org/codehaus/janino/commons-compiler/3.1.8/commons-compiler-3.1.8.jar:/home/kien/.m2/repository/org/codehaus/janino/janino/3.1.8/janino-3.1.8.jar:/home/kien/.m2/repository/org/apache/nifi/nifi-database-utils/1.20.0/nifi-database-utils-1.20.0.jar:/home/kien/.m2/repository/org/apache/nifi/nifi-standard-record-utils/1.20.0/nifi-standard-record-utils-1.20.0.jar:/home/kien/.m2/repository/org/apache/commons/commons-csv/1.10.0/commons-csv-1.10.0.jar:/home/kien/.m2/repository/com/github/ben-manes/caffeine/caffeine/2.8.1/caffeine-2.8.1.jar:/home/kien/.m2/repository/org/apache/avro/avro/1.11.1/avro-1.11.1.jar:/home/kien/.m2/repository/org/junit/jupiter/junit-jupiter-api/5.9.0/junit-jupiter-api-5.9.0.jar:/home/kien/.m2/repository/org/opentest4j/opentest4j/1.2.0/opentest4j-1.2.0.jar:/home/kien/.m2/repository/org/junit/platform/junit-platform-commons/1.9.0/junit-platform-commons-1.9.0.jar:/home/kien/.m2/repository/org/apiguardian/apiguardian-api/1.1.2/apiguardian-api-1.1.2.jar:/home/kien/.m2/repository/org/junit/jupiter/junit-jupiter-engine/5.9.0/junit-jupiter-engine-5.9.0.jar:/home/kien/.m2/repository/org/junit/platform/junit-platform-engine/1.9.0/junit-platform-engine-1.9.0.jar:/home/kien/.m2/repository/org/junit/vintage/junit-vintage-engine/5.9.0/junit-vintage-engine-5.9.0.jar:/home/kien/.m2/repository/junit/junit/4.13.2/junit-4.13.2.jar:/home/kien/.m2/repository/org/hamcrest/hamcrest-core/1.3/hamcrest-core-1.3.jar:/home/kien/.m2/repository/org/junit/jupiter/junit-jupiter-params/5.9.0/junit-jupiter-params-5.9.0.jar:/home/kien/.m2/repository/org/mockito/mockito-core/3.11.2/mockito-core-3.11.2.jar:/home/kien/.m2/repository/net/bytebuddy/byte-buddy/1.11.3/byte-buddy-1.11.3.jar:/home/kien/.m2/repository/net/bytebuddy/byte-buddy-agent/1.11.3/byte-buddy-agent-1.11.3.jar:/home/kien/.m2/repository/org/objenesis/objenesis/3.2/objenesis-3.2.jar:/home/kien/.m2/repository/org/mockito/mockito-junit-jupiter/3.11.2/mockito-junit-jupiter-3.11.2.jar:/home/kien/.m2/repository/org/slf4j/slf4j-simple/1.7.36/slf4j-simple-1.7.36.jar:/home/kien/.m2/repository/org/slf4j/slf4j-api/1.7.36/slf4j-api-1.7.36.jar:/home/kien/.m2/repository/org/codehaus/groovy/groovy-test/3.0.9/groovy-test-3.0.9.jar:/home/kien/.m2/repository/org/codehaus/groovy/groovy/3.0.9/groovy-3.0.9.jar:"/>
    <property name="java.vm.vendor" value="Private Build"/>
    <property name="sun.arch.data.model" value="64"/>
    <property name="java.vendor.url" value="http://java.oracle.com/"/>
    <property name="user.timezone" value=""/>
    <property name="java.vm.specification.version" value="1.8"/>
    <property name="os.name" value="Linux"/>
    <property name="user.country" value="US"/>
    <property name="sun.java.launcher" value="SUN_STANDARD"/>
    <property name="sun.boot.library.path" value="/usr/lib/jvm/java-8-openjdk-amd64/jre/lib/amd64"/>
    <property name="sun.java.command" value="/home/kien/test/nifi-oracle-clob/nifi-clob-processors/target/surefire/surefirebooter-20240725094053608_3.jar /home/kien/test/nifi-oracle-clob/nifi-clob-processors/target/surefire 2024-07-25T09-40-52_175-jvmRun1 surefire-20240725094053608_1tmp surefire_0-20240725094053608_2tmp"/>
    <property name="surefire.test.class.path" value="/home/kien/test/nifi-oracle-clob/nifi-clob-processors/target/test-classes:/home/kien/test/nifi-oracle-clob/nifi-clob-processors/target/classes:/home/kien/.m2/repository/org/apache/nifi/nifi-api/1.18.0/nifi-api-1.18.0.jar:/home/kien/.m2/repository/org/apache/nifi/nifi-utils/1.20.0/nifi-utils-1.20.0.jar:/home/kien/.m2/repository/org/apache/nifi/nifi-mock/1.20.0/nifi-mock-1.20.0.jar:/home/kien/.m2/repository/org/apache/nifi/nifi-framework-api/1.18.0/nifi-framework-api-1.18.0.jar:/home/kien/.m2/repository/org/apache/nifi/nifi-parameter/1.20.0/nifi-parameter-1.20.0.jar:/home/kien/.m2/repository/org/apache/nifi/nifi-framework-core-api/1.20.0/nifi-framework-core-api-1.20.0.jar:/home/kien/.m2/repository/org/apache/nifi/nifi-framework-nar-utils/1.20.0/nifi-framework-nar-utils-1.20.0.jar:/home/kien/.m2/repository/org/apache/nifi/nifi-runtime-manifest-core/1.20.0/nifi-runtime-manifest-core-1.20.0.jar:/home/kien/.m2/repository/org/apache/nifi/nifi-extension-manifest-model/1.20.0/nifi-extension-manifest-model-1.20.0.jar:/home/kien/.m2/repository/org/apache/nifi/nifi-extension-manifest-parser/1.20.0/nifi-extension-manifest-parser-1.20.0.jar:/home/kien/.m2/repository/org/apache/nifi/nifi-client-dto/1.20.0/nifi-client-dto-1.20.0.jar:/home/kien/.m2/repository/io/swagger/swagger-annotations/1.6.6/swagger-annotations-1.6.6.jar:/home/kien/.m2/repository/org/apache/nifi/c2-protocol-component-api/1.20.0/c2-protocol-component-api-1.20.0.jar:/home/kien/.m2/repository/org/apache/nifi/nifi-site-to-site-client/1.20.0/nifi-site-to-site-client-1.20.0.jar:/home/kien/.m2/repository/org/apache/nifi/nifi-security-ssl/1.20.0/nifi-security-ssl-1.20.0.jar:/home/kien/.m2/repository/org/apache/httpcomponents/httpasyncclient/4.1.5/httpasyncclient-4.1.5.jar:/home/kien/.m2/repository/org/apache/httpcomponents/httpcore-nio/4.4.15/httpcore-nio-4.4.15.jar:/home/kien/.m2/repository/org/apache/nifi/nifi-framework-authorization/1.20.0/nifi-framework-authorization-1.20.0.jar:/home/kien/.m2/repository/org/apache/nifi/nifi-expression-language/1.20.0/nifi-expression-language-1.20.0.jar:/home/kien/.m2/repository/org/antlr/antlr-runtime/3.5.2/antlr-runtime-3.5.2.jar:/home/kien/.m2/repository/org/apache/nifi/nifi-uuid5/1.20.0/nifi-uuid5-1.20.0.jar:/home/kien/.m2/repository/org/apache/commons/commons-text/1.10.0/commons-text-1.10.0.jar:/home/kien/.m2/repository/org/apache/nifi/nifi-data-provenance-utils/1.20.0/nifi-data-provenance-utils-1.20.0.jar:/home/kien/.m2/repository/org/apache/nifi/nifi-dbcp-service/1.20.0/nifi-dbcp-service-1.20.0.jar:/home/kien/.m2/repository/org/apache/nifi/nifi-dbcp-base/1.20.0/nifi-dbcp-base-1.20.0.jar:/home/kien/.m2/repository/org/apache/nifi/nifi-security-kerberos/1.20.0/nifi-security-kerberos-1.20.0.jar:/home/kien/.m2/repository/org/apache/nifi/nifi-security-kerberos-api/1.18.0/nifi-security-kerberos-api-1.18.0.jar:/home/kien/.m2/repository/org/bouncycastle/bcprov-jdk18on/1.71/bcprov-jdk18on-1.71.jar:/home/kien/.m2/repository/org/apache/nifi/nifi-service-utils/1.20.0/nifi-service-utils-1.20.0.jar:/home/kien/.m2/repository/org/apache/commons/commons-dbcp2/2.9.0/commons-dbcp2-2.9.0.jar:/home/kien/.m2/repository/org/apache/commons/commons-pool2/2.10.0/commons-pool2-2.10.0.jar:/home/kien/.m2/repository/org/apache/commons/commons-lang3/3.12.0/commons-lang3-3.12.0.jar:/home/kien/.m2/repository/org/apache/derby/derby/10.14.2.0/derby-10.14.2.0.jar:/home/kien/.m2/repository/org/apache/nifi/nifi-standard-processors/1.18.0/nifi-standard-processors-1.18.0.jar:/home/kien/.m2/repository/org/apache/ftpserver/ftpserver-core/1.2.0/ftpserver-core-1.2.0.jar:/home/kien/.m2/repository/org/apache/ftpserver/ftplet-api/1.2.0/ftplet-api-1.2.0.jar:/home/kien/.m2/repository/org/apache/mina/mina-core/2.1.6/mina-core-2.1.6.jar:/home/kien/.m2/repository/org/apache/nifi/nifi-deprecation-log/1.18.0/nifi-deprecation-log-1.18.0.jar:/home/kien/.m2/repository/org/apache/nifi/nifi-put-pattern/1.18.0/nifi-put-pattern-1.18.0.jar:/home/kien/.m2/repository/org/apache/nifi/nifi-bin-manager/1.18.0/nifi-bin-manager-1.18.0.jar:/home/kien/.m2/repository/org/apache/nifi/nifi-listed-entity/1.18.0/nifi-listed-entity-1.18.0.jar:/home/kien/.m2/repository/org/apache/nifi/nifi-event-put/1.18.0/nifi-event-put-1.18.0.jar:/home/kien/.m2/repository/org/apache/nifi/nifi-event-listen/1.18.0/nifi-event-listen-1.18.0.jar:/home/kien/.m2/repository/org/apache/nifi/nifi-security-socket-ssl/1.18.0/nifi-security-socket-ssl-1.18.0.jar:/home/kien/.m2/repository/org/apache/nifi/nifi-event-transport/1.18.0/nifi-event-transport-1.18.0.jar:/home/kien/.m2/repository/io/netty/netty-handler/4.1.81.Final/netty-handler-4.1.81.Final.jar:/home/kien/.m2/repository/io/netty/netty-common/4.1.81.Final/netty-common-4.1.81.Final.jar:/home/kien/.m2/repository/io/netty/netty-resolver/4.1.81.Final/netty-resolver-4.1.81.Final.jar:/home/kien/.m2/repository/io/netty/netty-buffer/4.1.81.Final/netty-buffer-4.1.81.Final.jar:/home/kien/.m2/repository/io/netty/netty-transport/4.1.81.Final/netty-transport-4.1.81.Final.jar:/home/kien/.m2/repository/io/netty/netty-transport-native-unix-common/4.1.81.Final/netty-transport-native-unix-common-4.1.81.Final.jar:/home/kien/.m2/repository/io/netty/netty-codec/4.1.81.Final/netty-codec-4.1.81.Final.jar:/home/kien/.m2/repository/org/apache/nifi/nifi-syslog-utils/1.18.0/nifi-syslog-utils-1.18.0.jar:/home/kien/.m2/repository/com/github/palindromicity/simple-syslog-5424/0.0.16/simple-syslog-5424-0.0.16.jar:/home/kien/.m2/repository/org/antlr/antlr4-runtime/4.7.2/antlr4-runtime-4.7.2.jar:/home/kien/.m2/repository/org/apache/nifi/nifi-record-path/1.18.0/nifi-record-path-1.18.0.jar:/home/kien/.m2/repository/org/apache/nifi/nifi-record/1.18.0/nifi-record-1.18.0.jar:/home/kien/.m2/repository/org/apache/nifi/nifi-properties/1.18.0/nifi-properties-1.18.0.jar:/home/kien/.m2/repository/org/apache/nifi/nifi-property-utils/1.18.0/nifi-property-utils-1.18.0.jar:/home/kien/.m2/repository/org/apache/nifi/nifi-flowfile-packager/1.18.0/nifi-flowfile-packager-1.18.0.jar:/home/kien/.m2/repository/org/apache/nifi/nifi-jetty-configuration/1.18.0/nifi-jetty-configuration-1.18.0.jar:/home/kien/.m2/repository/org/apache/nifi/nifi-proxy-configuration-api/1.18.0/nifi-proxy-configuration-api-1.18.0.jar:/home/kien/.m2/repository/commons-io/commons-io/2.11.0/commons-io-2.11.0.jar:/home/kien/.m2/repository/javax/ws/rs/javax.ws.rs-api/2.1/javax.ws.rs-api-2.1.jar:/home/kien/.m2/repository/commons-net/commons-net/3.6/commons-net-3.6.jar:/home/kien/.m2/repository/org/apache/commons/commons-compress/1.21/commons-compress-1.21.jar:/home/kien/.m2/repository/org/bouncycastle/bcprov-jdk15on/1.70/bcprov-jdk15on-1.70.jar:/home/kien/.m2/repository/org/bouncycastle/bcpg-jdk15on/1.70/bcpg-jdk15on-1.70.jar:/home/kien/.m2/repository/org/bouncycastle/bcpkix-jdk15on/1.70/bcpkix-jdk15on-1.70.jar:/home/kien/.m2/repository/org/bouncycastle/bcutil-jdk15on/1.70/bcutil-jdk15on-1.70.jar:/home/kien/.m2/repository/commons-codec/commons-codec/1.15/commons-codec-1.15.jar:/home/kien/.m2/repository/org/apache/nifi/nifi-security-utils/1.18.0/nifi-security-utils-1.18.0.jar:/home/kien/.m2/repository/org/apache/nifi/nifi-security-utils-api/1.18.0/nifi-security-utils-api-1.18.0.jar:/home/kien/.m2/repository/org/apache/nifi/nifi-xml-processing/1.18.0/nifi-xml-processing-1.18.0.jar:/home/kien/.m2/repository/com/hierynomus/sshj/0.34.0/sshj-0.34.0.jar:/home/kien/.m2/repository/com/jcraft/jzlib/1.1.3/jzlib-1.1.3.jar:/home/kien/.m2/repository/com/hierynomus/asn-one/0.6.0/asn-one-0.6.0.jar:/home/kien/.m2/repository/net/i2p/crypto/eddsa/0.3.0/eddsa-0.3.0.jar:/home/kien/.m2/repository/com/exceptionfactory/socketbroker/socketbroker/1.0.2/socketbroker-1.0.2.jar:/home/kien/.m2/repository/org/apache/httpcomponents/httpclient/4.5.13/httpclient-4.5.13.jar:/home/kien/.m2/repository/org/apache/httpcomponents/httpcore/4.4.15/httpcore-4.4.15.jar:/home/kien/.m2/repository/jakarta/activation/jakarta.activation-api/2.0.1/jakarta.activation-api-2.0.1.jar:/home/kien/.m2/repository/com/sun/activation/jakarta.activation/2.0.1/jakarta.activation-2.0.1.jar:/home/kien/.m2/repository/jakarta/mail/jakarta.mail-api/2.0.1/jakarta.mail-api-2.0.1.jar:/home/kien/.m2/repository/com/sun/mail/jakarta.mail/2.0.1/jakarta.mail-2.0.1.jar:/home/kien/.m2/repository/com/github/jponge/lzma-java/1.3/lzma-java-1.3.jar:/home/kien/.m2/repository/com/github/luben/zstd-jni/1.5.2-3/zstd-jni-1.5.2-3.jar:/home/kien/.m2/repository/com/aayushatharva/brotli4j/brotli4j/1.8.0/brotli4j-1.8.0.jar:/home/kien/.m2/repository/com/aayushatharva/brotli4j/native-linux-x86_64/1.8.0/native-linux-x86_64-1.8.0.jar:/home/kien/.m2/repository/org/tukaani/xz/1.8/xz-1.8.jar:/home/kien/.m2/repository/net/sf/saxon/Saxon-HE/10.6/Saxon-HE-10.6.jar:/home/kien/.m2/repository/org/apache/nifi/nifi-socket-utils/1.18.0/nifi-socket-utils-1.18.0.jar:/home/kien/.m2/repository/org/apache/nifi/nifi-logging-utils/1.18.0/nifi-logging-utils-1.18.0.jar:/home/kien/.m2/repository/javax/jms/javax.jms-api/2.0.1/javax.jms-api-2.0.1.jar:/home/kien/.m2/repository/org/apache/activemq/activemq-client/5.15.15/activemq-client-5.15.15.jar:/home/kien/.m2/repository/org/apache/geronimo/specs/geronimo-jms_1.1_spec/1.1.1/geronimo-jms_1.1_spec-1.1.1.jar:/home/kien/.m2/repository/org/fusesource/hawtbuf/hawtbuf/1.11/hawtbuf-1.11.jar:/home/kien/.m2/repository/org/apache/geronimo/specs/geronimo-j2ee-management_1.1_spec/1.0.1/geronimo-j2ee-management_1.1_spec-1.0.1.jar:/home/kien/.m2/repository/com/jayway/jsonpath/json-path/2.6.0/json-path-2.6.0.jar:/home/kien/.m2/repository/net/minidev/json-smart/2.4.8/json-smart-2.4.8.jar:/home/kien/.m2/repository/net/minidev/accessors-smart/2.4.8/accessors-smart-2.4.8.jar:/home/kien/.m2/repository/org/ow2/asm/asm/9.1/asm-9.1.jar:/home/kien/.m2/repository/org/apache/tika/tika-core/2.4.1/tika-core-2.4.1.jar:/home/kien/.m2/repository/com/fasterxml/jackson/core/jackson-databind/2.13.4/jackson-databind-2.13.4.jar:/home/kien/.m2/repository/com/fasterxml/jackson/core/jackson-annotations/2.13.4/jackson-annotations-2.13.4.jar:/home/kien/.m2/repository/com/fasterxml/jackson/core/jackson-core/2.13.4/jackson-core-2.13.4.jar:/home/kien/.m2/repository/org/apache/nifi/nifi-avro-record-utils/1.18.0/nifi-avro-record-utils-1.18.0.jar:/home/kien/.m2/repository/com/squareup/okhttp3/okhttp/4.10.0/okhttp-4.10.0.jar:/home/kien/.m2/repository/com/squareup/okio/okio-jvm/3.0.0/okio-jvm-3.0.0.jar:/home/kien/.m2/repository/org/jetbrains/kotlin/kotlin-stdlib-common/1.7.10/kotlin-stdlib-common-1.7.10.jar:/home/kien/.m2/repository/org/jetbrains/kotlin/kotlin-stdlib/1.7.10/kotlin-stdlib-1.7.10.jar:/home/kien/.m2/repository/org/jetbrains/annotations/13.0/annotations-13.0.jar:/home/kien/.m2/repository/com/squareup/okhttp3/okhttp-urlconnection/4.10.0/okhttp-urlconnection-4.10.0.jar:/home/kien/.m2/repository/org/jetbrains/kotlin/kotlin-stdlib-jdk8/1.7.10/kotlin-stdlib-jdk8-1.7.10.jar:/home/kien/.m2/repository/org/jetbrains/kotlin/kotlin-stdlib-jdk7/1.7.10/kotlin-stdlib-jdk7-1.7.10.jar:/home/kien/.m2/repository/io/github/rburgst/okhttp-digest/2.5/okhttp-digest-2.5.jar:/home/kien/.m2/repository/at/favre/lib/bcrypt/0.9.0/bcrypt-0.9.0.jar:/home/kien/.m2/repository/at/favre/lib/bytes/1.3.0/bytes-1.3.0.jar:/home/kien/.m2/repository/org/xerial/snappy/snappy-java/1.1.8.4/snappy-java-1.1.8.4.jar:/home/kien/.m2/repository/net/lingala/zip4j/zip4j/2.11.2/zip4j-2.11.2.jar:/home/kien/.m2/repository/com/bazaarvoice/jolt/jolt-core/0.1.7/jolt-core-0.1.7.jar:/home/kien/.m2/repository/javax/inject/javax.inject/1/javax.inject-1.jar:/home/kien/.m2/repository/com/bazaarvoice/jolt/json-utils/0.1.7/json-utils-0.1.7.jar:/home/kien/.m2/repository/org/apache/nifi/nifi-standard-utils/1.18.0/nifi-standard-utils-1.18.0.jar:/home/kien/.m2/repository/net/sf/supercsv/super-csv/2.4.0/super-csv-2.4.0.jar:/home/kien/.m2/repository/com/fluenda/parcefone/2.1.0/parcefone-2.1.0.jar:/home/kien/.m2/repository/javax/validation/validation-api/1.1.0.Final/validation-api-1.1.0.Final.jar:/home/kien/.m2/repository/javax/el/javax.el-api/3.0.0/javax.el-api-3.0.0.jar:/home/kien/.m2/repository/com/github/wnameless/json/json-flattener/0.14.0/json-flattener-0.14.0.jar:/home/kien/.m2/repository/com/github/wnameless/json/json-base/2.0.0/json-base-2.0.0.jar:/home/kien/.m2/repository/org/apache/bval/bval-jsr/1.1.2/bval-jsr-1.1.2.jar:/home/kien/.m2/repository/org/apache/bval/bval-core/1.1.2/bval-core-1.1.2.jar:/home/kien/.m2/repository/io/krakens/java-grok/0.1.9/java-grok-0.1.9.jar:/home/kien/.m2/repository/org/apache/calcite/calcite-core/1.32.0/calcite-core-1.32.0.jar:/home/kien/.m2/repository/org/apache/calcite/calcite-linq4j/1.32.0/calcite-linq4j-1.32.0.jar:/home/kien/.m2/repository/org/locationtech/jts/jts-core/1.19.0/jts-core-1.19.0.jar:/home/kien/.m2/repository/org/locationtech/jts/io/jts-io-common/1.19.0/jts-io-common-1.19.0.jar:/home/kien/.m2/repository/com/googlecode/json-simple/json-simple/1.1.1/json-simple-1.1.1.jar:/home/kien/.m2/repository/org/locationtech/proj4j/proj4j/1.1.5/proj4j-1.1.5.jar:/home/kien/.m2/repository/com/google/errorprone/error_prone_annotations/2.11.0/error_prone_annotations-2.11.0.jar:/home/kien/.m2/repository/com/google/guava/guava/31.1-jre/guava-31.1-jre.jar:/home/kien/.m2/repository/com/google/guava/failureaccess/1.0.1/failureaccess-1.0.1.jar:/home/kien/.m2/repository/com/google/guava/listenablefuture/9999.0-empty-to-avoid-conflict-with-guava/listenablefuture-9999.0-empty-to-avoid-conflict-with-guava.jar:/home/kien/.m2/repository/com/google/code/findbugs/jsr305/3.0.2/jsr305-3.0.2.jar:/home/kien/.m2/repository/com/google/j2objc/j2objc-annotations/1.3/j2objc-annotations-1.3.jar:/home/kien/.m2/repository/org/apache/calcite/avatica/avatica-core/1.22.0/avatica-core-1.22.0.jar:/home/kien/.m2/repository/org/apache/calcite/avatica/avatica-metrics/1.22.0/avatica-metrics-1.22.0.jar:/home/kien/.m2/repository/com/google/protobuf/protobuf-java/3.17.1/protobuf-java-3.17.1.jar:/home/kien/.m2/repository/org/apache/httpcomponents/client5/httpclient5/5.1.3/httpclient5-5.1.3.jar:/home/kien/.m2/repository/org/apache/httpcomponents/core5/httpcore5-h2/5.1.3/httpcore5-h2-5.1.3.jar:/home/kien/.m2/repository/org/apache/httpcomponents/core5/httpcore5/5.1.3/httpcore5-5.1.3.jar:/home/kien/.m2/repository/org/checkerframework/checker-qual/3.12.0/checker-qual-3.12.0.jar:/home/kien/.m2/repository/com/fasterxml/jackson/dataformat/jackson-dataformat-yaml/2.13.4/jackson-dataformat-yaml-2.13.4.jar:/home/kien/.m2/repository/org/yaml/snakeyaml/1.32/snakeyaml-1.32.jar:/home/kien/.m2/repository/com/google/uzaygezen/uzaygezen-core/0.2/uzaygezen-core-0.2.jar:/home/kien/.m2/repository/com/yahoo/datasketches/sketches-core/0.9.0/sketches-core-0.9.0.jar:/home/kien/.m2/repository/com/yahoo/datasketches/memory/0.9.0/memory-0.9.0.jar:/home/kien/.m2/repository/net/hydromatic/aggdesigner-algorithm/6.0/aggdesigner-algorithm-6.0.jar:/home/kien/.m2/repository/commons-lang/commons-lang/2.4/commons-lang-2.4.jar:/home/kien/.m2/repository/org/codehaus/janino/commons-compiler/3.1.8/commons-compiler-3.1.8.jar:/home/kien/.m2/repository/org/codehaus/janino/janino/3.1.8/janino-3.1.8.jar:/home/kien/.m2/repository/org/apache/nifi/nifi-database-utils/1.20.0/nifi-database-utils-1.20.0.jar:/home/kien/.m2/repository/org/apache/nifi/nifi-standard-record-utils/1.20.0/nifi-standard-record-utils-1.20.0.jar:/home/kien/.m2/repository/org/apache/commons/commons-csv/1.10.0/commons-csv-1.10.0.jar:/home/kien/.m2/repository/com/github/ben-manes/caffeine/caffeine/2.8.1/caffeine-2.8.1.jar:/home/kien/.m2/repository/org/apache/avro/avro/1.11.1/avro-1.11.1.jar:/home/kien/.m2/repository/org/junit/jupiter/junit-jupiter-api/5.9.0/junit-jupiter-api-5.9.0.jar:/home/kien/.m2/repository/org/opentest4j/opentest4j/1.2.0/opentest4j-1.2.0.jar:/home/kien/.m2/repository/org/junit/platform/junit-platform-commons/1.9.0/junit-platform-commons-1.9.0.jar:/home/kien/.m2/repository/org/apiguardian/apiguardian-api/1.1.2/apiguardian-api-1.1.2.jar:/home/kien/.m2/repository/org/junit/jupiter/junit-jupiter-engine/5.9.0/junit-jupiter-engine-5.9.0.jar:/home/kien/.m2/repository/org/junit/platform/junit-platform-engine/1.9.0/junit-platform-engine-1.9.0.jar:/home/kien/.m2/repository/org/junit/vintage/junit-vintage-engine/5.9.0/junit-vintage-engine-5.9.0.jar:/home/kien/.m2/repository/junit/junit/4.13.2/junit-4.13.2.jar:/home/kien/.m2/repository/org/hamcrest/hamcrest-core/1.3/hamcrest-core-1.3.jar:/home/kien/.m2/repository/org/junit/jupiter/junit-jupiter-params/5.9.0/junit-jupiter-params-5.9.0.jar:/home/kien/.m2/repository/org/mockito/mockito-core/3.11.2/mockito-core-3.11.2.jar:/home/kien/.m2/repository/net/bytebuddy/byte-buddy/1.11.3/byte-buddy-1.11.3.jar:/home/kien/.m2/repository/net/bytebuddy/byte-buddy-agent/1.11.3/byte-buddy-agent-1.11.3.jar:/home/kien/.m2/repository/org/objenesis/objenesis/3.2/objenesis-3.2.jar:/home/kien/.m2/repository/org/mockito/mockito-junit-jupiter/3.11.2/mockito-junit-jupiter-3.11.2.jar:/home/kien/.m2/repository/org/slf4j/slf4j-simple/1.7.36/slf4j-simple-1.7.36.jar:/home/kien/.m2/repository/org/slf4j/slf4j-api/1.7.36/slf4j-api-1.7.36.jar:/home/kien/.m2/repository/org/codehaus/groovy/groovy-test/3.0.9/groovy-test-3.0.9.jar:/home/kien/.m2/repository/org/codehaus/groovy/groovy/3.0.9/groovy-3.0.9.jar:"/>
    <property name="sun.cpu.endian" value="little"/>
    <property name="user.home" value="/home/kien"/>
    <property name="user.language" value="en"/>
    <property name="java.specification.vendor" value="Oracle Corporation"/>
    <property name="java.home" value="/usr/lib/jvm/java-8-openjdk-amd64/jre"/>
    <property name="basedir" value="/home/kien/test/nifi-oracle-clob/nifi-clob-processors"/>
    <property name="file.separator" value="/"/>
    <property name="line.separator" value="&#10;"/>
    <property name="java.vm.specification.vendor" value="Oracle Corporation"/>
    <property name="java.specification.name" value="Java Platform API Specification"/>
    <property name="java.awt.graphicsenv" value="sun.awt.X11GraphicsEnvironment"/>
    <property name="java.awt.headless" value="true"/>
    <property name="surefire.real.class.path" value="/home/kien/test/nifi-oracle-clob/nifi-clob-processors/target/surefire/surefirebooter-20240725094053608_3.jar"/>
    <property name="sun.boot.class.path" value="/usr/lib/jvm/java-8-openjdk-amd64/jre/lib/resources.jar:/usr/lib/jvm/java-8-openjdk-amd64/jre/lib/rt.jar:/usr/lib/jvm/java-8-openjdk-amd64/jre/lib/sunrsasign.jar:/usr/lib/jvm/java-8-openjdk-amd64/jre/lib/jsse.jar:/usr/lib/jvm/java-8-openjdk-amd64/jre/lib/jce.jar:/usr/lib/jvm/java-8-openjdk-amd64/jre/lib/charsets.jar:/usr/lib/jvm/java-8-openjdk-amd64/jre/lib/jfr.jar:/usr/lib/jvm/java-8-openjdk-amd64/jre/classes"/>
    <property name="sun.management.compiler" value="HotSpot 64-Bit Tiered Compilers"/>
    <property name="java.runtime.version" value="1.8.0_412-8u412-ga-1~20.04.1-b08"/>
    <property name="user.name" value="kien"/>
    <property name="path.separator" value=":"/>
    <property name="os.version" value="5.15.0-116-generic"/>
    <property name="java.endorsed.dirs" value="/usr/lib/jvm/java-8-openjdk-amd64/jre/lib/endorsed"/>
    <property name="java.runtime.name" value="OpenJDK Runtime Environment"/>
    <property name="file.encoding" value="UTF-8"/>
    <property name="java.vm.name" value="OpenJDK 64-Bit Server VM"/>
    <property name="localRepository" value="/home/kien/.m2/repository"/>
    <property name="java.vendor.url.bug" value="http://bugreport.sun.com/bugreport/"/>
    <property name="java.io.tmpdir" value="/tmp"/>
    <property name="idea.version" value="2024.1.4"/>
    <property name="java.version" value="1.8.0_412"/>
    <property name="user.dir" value="/home/kien/test/nifi-oracle-clob/nifi-clob-processors"/>
    <property name="os.arch" value="amd64"/>
    <property name="java.vm.specification.name" value="Java Virtual Machine Specification"/>
    <property name="java.awt.printerjob" value="sun.print.PSPrinterJob"/>
    <property name="sun.os.patch.level" value="unknown"/>
    <property name="java.library.path" value="/usr/java/packages/lib/amd64:/usr/lib/x86_64-linux-gnu/jni:/lib/x86_64-linux-gnu:/usr/lib/x86_64-linux-gnu:/usr/lib/jni:/lib:/usr/lib"/>
    <property name="java.vm.info" value="mixed mode"/>
    <property name="java.vendor" value="Private Build"/>
    <property name="java.vm.version" value="25.412-b08"/>
    <property name="java.specification.maintenance.version" value="5"/>
    <property name="java.ext.dirs" value="/usr/lib/jvm/java-8-openjdk-amd64/jre/lib/ext:/usr/java/packages/lib/ext"/>
    <property name="sun.io.unicode.encoding" value="UnicodeLittle"/>
    <property name="java.class.version" value="52.0"/>
  </properties>
  <testcase name="testProcessor" classname="com.kiendt.nifi.processors.clob.MyProcessorTest" time="0.044"/>
</testsuite>